[debug] [2024-08-28T22:43:03.595Z] ----------------------------------------------------------------------
[debug] [2024-08-28T22:43:03.597Z] Command:       C:\Program Files\nodejs\node.exe C:\Users\Daniel Goodfellow\AppData\Roaming\npm\node_modules\firebase-tools\lib\bin\firebase.js init
[debug] [2024-08-28T22:43:03.598Z] CLI Version:   12.5.2
[debug] [2024-08-28T22:43:03.598Z] Platform:      win32
[debug] [2024-08-28T22:43:03.598Z] Node Version:  v21.5.0
[debug] [2024-08-28T22:43:03.598Z] Time:          Wed Aug 28 2024 23:43:03 GMT+0100 (British Summer Time)
[debug] [2024-08-28T22:43:03.598Z] ----------------------------------------------------------------------
[debug] 
[debug] [2024-08-28T22:43:03.604Z] > command requires scopes: ["email","openid","https://www.googleapis.com/auth/cloudplatformprojects.readonly","https://www.googleapis.com/auth/firebase","https://www.googleapis.com/auth/cloud-platform"]
[debug] [2024-08-28T22:43:03.605Z] > authorizing via signed-in user (danjgoodfellow@gmail.com)
[info] 
     ######## #### ########  ######## ########     ###     ######  ########
     ##        ##  ##     ## ##       ##     ##  ##   ##  ##       ##
     ######    ##  ########  ######   ########  #########  ######  ######
     ##        ##  ##    ##  ##       ##     ## ##     ##       ## ##
     ##       #### ##     ## ######## ########  ##     ##  ######  ########

You're about to initialize a Firebase project in this directory:

  C:\Users\Daniel Goodfellow\OneDrive\Documents\Items from MBP17\Projects\Current\shoppingList-nextjs\shopping-list

[info] 
=== Project Setup
[info] 
[info] First, let's associate this project directory with a Firebase project.
[info] You can create multiple project aliases by running firebase use --add, 
[info] but for now we'll just set up a default project.
[info] 
[debug] [2024-08-28T22:43:21.371Z] > refreshing access token with scopes: []
[debug] [2024-08-28T22:43:21.374Z] >>> [apiv2][query] POST https://www.googleapis.com/oauth2/v3/token [none]
[debug] [2024-08-28T22:43:21.374Z] >>> [apiv2][body] POST https://www.googleapis.com/oauth2/v3/token [omitted]
[debug] [2024-08-28T22:43:21.523Z] <<< [apiv2][status] POST https://www.googleapis.com/oauth2/v3/token 400
[debug] [2024-08-28T22:43:21.523Z] <<< [apiv2][body] POST https://www.googleapis.com/oauth2/v3/token [omitted]
[debug] [2024-08-28T22:43:21.524Z] >>> [apiv2][query] GET https://firebase.googleapis.com/v1beta1/projects pageSize=100
[debug] [2024-08-28T22:43:21.636Z] <<< [apiv2][status] GET https://firebase.googleapis.com/v1beta1/projects 401
[debug] [2024-08-28T22:43:21.636Z] <<< [apiv2][body] GET https://firebase.googleapis.com/v1beta1/projects [omitted]
[debug] [2024-08-28T22:43:21.636Z] HTTP Error: 401, Request had invalid authentication credentials. Expected OAuth 2 access token, login cookie or other valid authentication credential. See https://developers.google.com/identity/sign-in/web/devconsole-project.
[debug] [2024-08-28T22:43:21.703Z] FirebaseError: HTTP Error: 401, Request had invalid authentication credentials. Expected OAuth 2 access token, login cookie or other valid authentication credential. See https://developers.google.com/identity/sign-in/web/devconsole-project.
    at responseToError (C:\Users\Daniel Goodfellow\AppData\Roaming\npm\node_modules\firebase-tools\lib\responseToError.js:49:12)
    at RetryOperation._fn (C:\Users\Daniel Goodfellow\AppData\Roaming\npm\node_modules\firebase-tools\lib\apiv2.js:285:77)
    at process.processTicksAndRejections (node:internal/process/task_queues:95:5)
[error] 
[error] Error: Failed to list Firebase projects. See firebase-debug.log for more info.
[debug] [2024-08-28T22:59:50.850Z] ----------------------------------------------------------------------
[debug] [2024-08-28T22:59:50.852Z] Command:       C:\Program Files\nodejs\node.exe C:\Users\Daniel Goodfellow\AppData\Roaming\npm\node_modules\firebase-tools\lib\bin\firebase.js init
[debug] [2024-08-28T22:59:50.853Z] CLI Version:   13.16.0
[debug] [2024-08-28T22:59:50.853Z] Platform:      win32
[debug] [2024-08-28T22:59:50.853Z] Node Version:  v21.5.0
[debug] [2024-08-28T22:59:50.853Z] Time:          Wed Aug 28 2024 23:59:50 GMT+0100 (British Summer Time)
[debug] [2024-08-28T22:59:50.853Z] ----------------------------------------------------------------------
[debug] 
[debug] [2024-08-28T22:59:50.860Z] > command requires scopes: ["email","openid","https://www.googleapis.com/auth/cloudplatformprojects.readonly","https://www.googleapis.com/auth/firebase","https://www.googleapis.com/auth/cloud-platform"]
[debug] [2024-08-28T22:59:50.860Z] > authorizing via signed-in user (danjgoodfellow@gmail.com)
[info] 
     ######## #### ########  ######## ########     ###     ######  ########
     ##        ##  ##     ## ##       ##     ##  ##   ##  ##       ##
     ######    ##  ########  ######   ########  #########  ######  ######
     ##        ##  ##    ##  ##       ##     ## ##     ##       ## ##
     ##       #### ##     ## ######## ########  ##     ##  ######  ########

You're about to initialize a Firebase project in this directory:

  C:\Users\Daniel Goodfellow\OneDrive\Documents\Items from MBP17\Projects\Current\shoppingList-nextjs\shopping-list

[info] 
=== Project Setup
[info] 
[info] First, let's associate this project directory with a Firebase project.
[info] You can create multiple project aliases by running firebase use --add, 
[info] but for now we'll just set up a default project.
[info] 
[debug] [2024-08-28T23:00:05.697Z] > refreshing access token with scopes: []
[debug] [2024-08-28T23:00:05.700Z] >>> [apiv2][query] POST https://www.googleapis.com/oauth2/v3/token [none]
[debug] [2024-08-28T23:00:05.700Z] >>> [apiv2][body] POST https://www.googleapis.com/oauth2/v3/token [omitted]
[debug] [2024-08-28T23:00:05.851Z] <<< [apiv2][status] POST https://www.googleapis.com/oauth2/v3/token 400
[debug] [2024-08-28T23:00:05.851Z] <<< [apiv2][body] POST https://www.googleapis.com/oauth2/v3/token [omitted]
[debug] [2024-08-28T23:00:05.851Z] >>> [apiv2][query] GET https://firebase.googleapis.com/v1beta1/projects pageSize=100
[debug] [2024-08-28T23:00:05.981Z] <<< [apiv2][status] GET https://firebase.googleapis.com/v1beta1/projects 401
[debug] [2024-08-28T23:00:05.982Z] <<< [apiv2][body] GET https://firebase.googleapis.com/v1beta1/projects [omitted]
[debug] [2024-08-28T23:00:05.982Z] HTTP Error: 401, Request had invalid authentication credentials. Expected OAuth 2 access token, login cookie or other valid authentication credential. See https://developers.google.com/identity/sign-in/web/devconsole-project.
[debug] [2024-08-28T23:00:06.066Z] FirebaseError: HTTP Error: 401, Request had invalid authentication credentials. Expected OAuth 2 access token, login cookie or other valid authentication credential. See https://developers.google.com/identity/sign-in/web/devconsole-project.
    at responseToError (C:\Users\Daniel Goodfellow\AppData\Roaming\npm\node_modules\firebase-tools\lib\responseToError.js:49:12)
    at RetryOperation._fn (C:\Users\Daniel Goodfellow\AppData\Roaming\npm\node_modules\firebase-tools\lib\apiv2.js:305:77)
    at process.processTicksAndRejections (node:internal/process/task_queues:95:5)
[error] 
[error] Error: Failed to list Firebase projects. See firebase-debug.log for more info.
